<?xml version="1.0" encoding="UTF-8"?>
<!-- Generated by org.testng.reporters.JUnitReportReporter -->
<testsuite hostname="LAPTOP-CL5EKJP4" failures="0" tests="1" name="Com.Actitime.GenericLibrary.Baseclass" time="12.491" errors="0" timestamp="2023-05-12T21:00:50 IST" skipped="0">
  <testcase classname="Com.Actitime.GenericLibrary.Baseclass" name="succesfull" time="12.491"/>
  <system-out>
    <![CDATA[The Above Process is Successful]]>
  </system-out>
</testsuite> <!-- Com.Actitime.GenericLibrary.Baseclass -->
